[debug] [2024-10-25T12:26:56.077Z] ----------------------------------------------------------------------
[debug] [2024-10-25T12:26:56.079Z] Command:       C:\Program Files\nodejs\node.exe C:\Users\villa\AppData\Roaming\npm\node_modules\firebase-tools\lib\bin\firebase.js init hosting
[debug] [2024-10-25T12:26:56.079Z] CLI Version:   13.23.0
[debug] [2024-10-25T12:26:56.079Z] Platform:      win32
[debug] [2024-10-25T12:26:56.079Z] Node Version:  v18.14.0
[debug] [2024-10-25T12:26:56.080Z] Time:          Fri Oct 25 2024 20:26:56 GMT+0800 (Philippine Standard Time)
[debug] [2024-10-25T12:26:56.080Z] ----------------------------------------------------------------------
[debug] 
[debug] [2024-10-25T12:26:56.086Z] > command requires scopes: ["email","openid","https://www.googleapis.com/auth/cloudplatformprojects.readonly","https://www.googleapis.com/auth/firebase","https://www.googleapis.com/auth/cloud-platform"]
[debug] [2024-10-25T12:26:56.087Z] > authorizing via signed-in user (mynameisjeffgcs@gmail.com)
[info] 
     ######## #### ########  ######## ########     ###     ######  ########
     ##        ##  ##     ## ##       ##     ##  ##   ##  ##       ##
     ######    ##  ########  ######   ########  #########  ######  ######
     ##        ##  ##    ##  ##       ##     ## ##     ##       ## ##
     ##       #### ##     ## ######## ########  ##     ##  ######  ########

You're about to initialize a Firebase project in this directory:

  E:\Primes Files\Codes\Web Programming\jeshcee-payroll-system

[info] 
=== Project Setup
[info] 
[info] First, let's associate this project directory with a Firebase project.
[info] You can create multiple project aliases by running firebase use --add, 
[info] but for now we'll just set up a default project.
[info] 
[debug] [2024-10-25T12:26:58.759Z] Checked if tokens are valid: false, expires at: 1710065943157
[debug] [2024-10-25T12:26:58.759Z] Checked if tokens are valid: false, expires at: 1710065943157
[debug] [2024-10-25T12:26:58.759Z] > refreshing access token with scopes: []
[debug] [2024-10-25T12:26:58.761Z] >>> [apiv2][query] POST https://www.googleapis.com/oauth2/v3/token [none]
[debug] [2024-10-25T12:26:58.761Z] >>> [apiv2][body] POST https://www.googleapis.com/oauth2/v3/token [omitted]
[debug] [2024-10-25T12:26:59.258Z] <<< [apiv2][status] POST https://www.googleapis.com/oauth2/v3/token 400
[debug] [2024-10-25T12:26:59.258Z] <<< [apiv2][body] POST https://www.googleapis.com/oauth2/v3/token [omitted]
[debug] [2024-10-25T12:26:59.259Z] >>> [apiv2][query] GET https://firebase.googleapis.com/v1beta1/projects pageSize=100
[debug] [2024-10-25T12:26:59.920Z] <<< [apiv2][status] GET https://firebase.googleapis.com/v1beta1/projects 401
[debug] [2024-10-25T12:26:59.920Z] <<< [apiv2][body] GET https://firebase.googleapis.com/v1beta1/projects [omitted]
[debug] [2024-10-25T12:26:59.920Z] Got a 401 Unauthenticated error for a call that required authentication. Refreshing tokens.
[debug] [2024-10-25T12:26:59.920Z] Checked if tokens are valid: false, expires at: 1710065943157
[debug] [2024-10-25T12:26:59.920Z] Checked if tokens are valid: false, expires at: 1710065943157
[debug] [2024-10-25T12:26:59.920Z] > refreshing access token with scopes: []
[debug] [2024-10-25T12:26:59.921Z] >>> [apiv2][query] POST https://www.googleapis.com/oauth2/v3/token [none]
[debug] [2024-10-25T12:26:59.921Z] >>> [apiv2][body] POST https://www.googleapis.com/oauth2/v3/token [omitted]
[debug] [2024-10-25T12:27:00.201Z] <<< [apiv2][status] POST https://www.googleapis.com/oauth2/v3/token 400
[debug] [2024-10-25T12:27:00.201Z] <<< [apiv2][body] POST https://www.googleapis.com/oauth2/v3/token [omitted]
[debug] [2024-10-25T12:27:00.202Z] Request to https://firebase.googleapis.com/v1beta1/projects?pageSize=100 had HTTP Error: 401, Request had invalid authentication credentials. Expected OAuth 2 access token, login cookie or other valid authentication credential. See https://developers.google.com/identity/sign-in/web/devconsole-project.
[debug] [2024-10-25T12:27:00.395Z] FirebaseError: Request to https://firebase.googleapis.com/v1beta1/projects?pageSize=100 had HTTP Error: 401, Request had invalid authentication credentials. Expected OAuth 2 access token, login cookie or other valid authentication credential. See https://developers.google.com/identity/sign-in/web/devconsole-project.
    at responseToError (C:\Users\villa\AppData\Roaming\npm\node_modules\firebase-tools\lib\responseToError.js:52:12)
    at RetryOperation._fn (C:\Users\villa\AppData\Roaming\npm\node_modules\firebase-tools\lib\apiv2.js:312:77)
    at process.processTicksAndRejections (node:internal/process/task_queues:95:5)
[error] 
[error] Error: Failed to list Firebase projects. See firebase-debug.log for more info.
